<?xml version="1.0" encoding="UTF-8"?>
<!-- Generated by org.testng.reporters.JUnitReportReporter -->
<testsuite hostname="DESKTOP-HK92NKF" failures="0" tests="1" name="TestNg_Framwork.Test2.NewTest" time="0.013" errors="0" timestamp="2023-06-16T11:24:45 IST" skipped="0">
  <testcase classname="TestNg_Framwork.Test2.NewTest" name="f" time="0.013"/>
</testsuite> <!-- TestNg_Framwork.Test2.NewTest -->
