<?xml version="1.0" encoding="UTF-8"?>
<!-- Generated by org.testng.reporters.JUnitReportReporter -->
<testsuite hostname="DESKTOP-HK92NKF" failures="0" tests="1" name="Test_NG_class.NewTest" time="2.670" errors="0" timestamp="2023-06-19T14:01:31 IST" skipped="0">
  <testcase classname="Test_NG_class.NewTest" name="f1" time="2.670"/>
</testsuite> <!-- Test_NG_class.NewTest -->
